Using pre-set license
Built from '2020.2/staging' branch; Version is '2020.2.5f1 (e2c53f129de5) revision 14861631'; Using compiler version '192528614'; Build Type 'Release'
OS: 'Windows 10 Home; OS build 19043.1165; Version 2009; 64bit' Language: 'en' Physical Memory: 16333 MB
BatchMode: 1, IsHumanControllingUs: 0, StartBugReporterOnCrash: 0, Is64bit: 1, IsPro: 0

 COMMAND LINE ARGUMENTS:
U:\2020.2.5f1\Editor\Unity.exe
-adb2
-batchMode
-noUpm
-name
AssetImportWorker0
-projectPath
U:/Repos/TheCorruptedVirtues/CorruptedVirtues
-logFile
Logs/AssetImportWorker0.log
-srvPort
63364
Successfully changed project path to: U:/Repos/TheCorruptedVirtues/CorruptedVirtues
U:/Repos/TheCorruptedVirtues/CorruptedVirtues
Using Asset Import Pipeline V2.
Refreshing native plugins compatible for Editor in 39.65 ms, found 1 plugins.
Preloading 0 native plugins for Editor in 0.00 ms.
Initialize engine version: 2020.2.5f1 (e2c53f129de5)
[Subsystems] Discovering subsystems at path U:/2020.2.5f1/Editor/Data/Resources/UnitySubsystems
[Subsystems] Discovering subsystems at path U:/Repos/TheCorruptedVirtues/CorruptedVirtues/Assets
GfxDevice: creating device client; threaded=0
Direct3D:
    Version:  Direct3D 11.0 [level 11.1]
    Renderer: NVIDIA GeForce RTX 2070 SUPER (ID=0x1e84)
    Vendor:   
    VRAM:     8011 MB
    Driver:   30.0.14.7196
Initialize mono
Mono path[0] = 'U:/2020.2.5f1/Editor/Data/Managed'
Mono path[1] = 'U:/2020.2.5f1/Editor/Data/MonoBleedingEdge/lib/mono/unityjit'
Mono config path = 'U:/2020.2.5f1/Editor/Data/MonoBleedingEdge/etc'
Using monoOptions --debugger-agent=transport=dt_socket,embedding=1,server=y,suspend=n,address=127.0.0.1:56668
Begin MonoManager ReloadAssembly
Registering precompiled unity dll's ...
Register platform support module: U:/2020.2.5f1/Editor/Data/PlaybackEngines/WebGLSupport/UnityEditor.WebGL.Extensions.dll
Register platform support module: U:/2020.2.5f1/Editor/Data/PlaybackEngines/WindowsStandaloneSupport/UnityEditor.WindowsStandalone.Extensions.dll
Registered in 0.000972 seconds.
Native extension for WindowsStandalone target not found
Native extension for WebGL target not found
Refreshing native plugins compatible for Editor in 37.85 ms, found 1 plugins.
Preloading 0 native plugins for Editor in 0.00 ms.
Invoked RoslynAnalysisRunner static constructor.
RoslynAnalysisRunner will not be running.
RoslynAnalysisRunner has terminated.
Mono: successfully reloaded assembly
- Completed reload, in  1.321 seconds
Platform modules already initialized, skipping
Registering precompiled user dll's ...
Registered in 0.000732 seconds.
Begin MonoManager ReloadAssembly
Native extension for WindowsStandalone target not found
Native extension for WebGL target not found
Refreshing native plugins compatible for Editor in 38.60 ms, found 1 plugins.
Preloading 0 native plugins for Editor in 0.00 ms.
Invoked RoslynAnalysisRunner static constructor.
RoslynAnalysisRunner will not be running.
RoslynAnalysisRunner has terminated.
Mono: successfully reloaded assembly
- Completed reload, in  0.811 seconds
Platform modules already initialized, skipping
========================================================================
Worker process is ready to serve import requests
Launched and connected shader compiler UnityShaderCompiler.exe after 0.04 seconds
Refreshing native plugins compatible for Editor in 0.65 ms, found 1 plugins.
Preloading 0 native plugins for Editor in 0.00 ms.
Unloading 1819 Unused Serialized files (Serialized files now loaded: 0)
System memory in use before: 85.0 MB.
System memory in use after: 85.0 MB.

Unloading 24 unused Assets to reduce memory usage. Loaded Objects now: 2262.
Total: 2.175300 ms (FindLiveObjects: 0.396100 ms CreateObjectMapping: 0.047500 ms MarkObjects: 1.622500 ms  DeleteObjects: 0.107900 ms)

========================================================================
Received Import Request.
  path: Assets/Scenes/PrototypeBattle.unity
  artifactKey: Guid(2bed265ae04fc7942a3426e8f7bff66e) Importer(815301076,1909f56bfc062723c751e8b465ee728b)
Start importing Assets/Scenes/PrototypeBattle.unity using Guid(2bed265ae04fc7942a3426e8f7bff66e) Importer(815301076,1909f56bfc062723c751e8b465ee728b)  -> (artifact id: '5642a2ce7c72f3d5d519b1340e94b5bc') in 0.014029 seconds
  Import took 0.016533 seconds .

========================================================================
Received Import Request.
  Time since last request: 0.000142 seconds.
  path: Assets/Scenes/PrototypeOverworld.unity
  artifactKey: Guid(d08e59dc04870e94eb436137c17f5e31) Importer(815301076,1909f56bfc062723c751e8b465ee728b)
Start importing Assets/Scenes/PrototypeOverworld.unity using Guid(d08e59dc04870e94eb436137c17f5e31) Importer(815301076,1909f56bfc062723c751e8b465ee728b)  -> (artifact id: '4e2e665fb580447e65ad9b10e31e65ba') in 0.004814 seconds
  Import took 0.007039 seconds .

========================================================================
Received Import Request.
  Time since last request: 1.291396 seconds.
  path: Assets/Scenes/Town.unity
  artifactKey: Guid(9b0e2f68406534e4a9393a55b832c6d3) Importer(815301076,1909f56bfc062723c751e8b465ee728b)
Start importing Assets/Scenes/Town.unity using Guid(9b0e2f68406534e4a9393a55b832c6d3) Importer(815301076,1909f56bfc062723c751e8b465ee728b)  -> (artifact id: 'a40a55ed9fb964bb28bfe970e58bfb26') in 0.005344 seconds
  Import took 0.007992 seconds .

========================================================================
Received Import Request.
  Time since last request: 2.994735 seconds.
  path: Assets/Scenes/Main.unity
  artifactKey: Guid(2cda990e2423bbf4892e6590ba056729) Importer(815301076,1909f56bfc062723c751e8b465ee728b)
Start importing Assets/Scenes/Main.unity using Guid(2cda990e2423bbf4892e6590ba056729) Importer(815301076,1909f56bfc062723c751e8b465ee728b)  -> (artifact id: '7829b572204b1630695d5ef1e6b2bc45') in 0.004915 seconds
  Import took 0.007528 seconds .

========================================================================
Received Prepare
Registering precompiled user dll's ...
Registered in 0.000727 seconds.
Begin MonoManager ReloadAssembly
Native extension for WindowsStandalone target not found
Native extension for WebGL target not found
Refreshing native plugins compatible for Editor in 0.53 ms, found 1 plugins.
Preloading 0 native plugins for Editor in 0.00 ms.
Invoked RoslynAnalysisRunner static constructor.
RoslynAnalysisRunner will not be running.
RoslynAnalysisRunner has terminated.
Mono: successfully reloaded assembly
- Completed reload, in  0.674 seconds
Platform modules already initialized, skipping
Refreshing native plugins compatible for Editor in 0.45 ms, found 1 plugins.
Preloading 0 native plugins for Editor in 0.00 ms.
Unloading 1814 Unused Serialized files (Serialized files now loaded: 0)
System memory in use before: 85.0 MB.
System memory in use after: 85.0 MB.

Unloading 12 unused Assets to reduce memory usage. Loaded Objects now: 2265.
Total: 1.773500 ms (FindLiveObjects: 0.208300 ms CreateObjectMapping: 0.041400 ms MarkObjects: 1.419200 ms  DeleteObjects: 0.103800 ms)

========================================================================
Received Import Request.
  Time since last request: 56.618985 seconds.
  path: Assets/Sprites/Baby Dragon 7.png
  artifactKey: Guid(201fa0254221b5e46a2ae4b30b4c371b) Importer(815301076,1909f56bfc062723c751e8b465ee728b)
Start importing Assets/Sprites/Baby Dragon 7.png using Guid(201fa0254221b5e46a2ae4b30b4c371b) Importer(815301076,1909f56bfc062723c751e8b465ee728b)  -> (artifact id: '69e6a6c51c0242f6f70c7ea3586144c7') in 0.108220 seconds
  Import took 0.110979 seconds .

========================================================================
Received Import Request.
  Time since last request: 0.000148 seconds.
  path: Assets/Sprites/proto title screen.png
  artifactKey: Guid(f1ecea44be672f84c8ddb343d859f49a) Importer(815301076,1909f56bfc062723c751e8b465ee728b)
Start importing Assets/Sprites/proto title screen.png using Guid(f1ecea44be672f84c8ddb343d859f49a) Importer(815301076,1909f56bfc062723c751e8b465ee728b)  -> (artifact id: '9b8dd92389349776ec1c2faa714862c4') in 0.013092 seconds
  Import took 0.015400 seconds .

========================================================================
Received Import Request.
  Time since last request: 0.000200 seconds.
  path: Assets/Sprites/Boss Dragon 7.png
  artifactKey: Guid(1b0355e278cc98f40aebcce5dd867a46) Importer(815301076,1909f56bfc062723c751e8b465ee728b)
Start importing Assets/Sprites/Boss Dragon 7.png using Guid(1b0355e278cc98f40aebcce5dd867a46) Importer(815301076,1909f56bfc062723c751e8b465ee728b)  -> (artifact id: '7f45321b05fdaa6c0ec3ab352039757c') in 0.021029 seconds
  Import took 0.023467 seconds .

========================================================================
Received Import Request.
  Time since last request: 0.000163 seconds.
  path: Assets/Sprites/Calm 7.png
  artifactKey: Guid(aad510ca6cb63ea4f9524faf564aea6f) Importer(815301076,1909f56bfc062723c751e8b465ee728b)
Start importing Assets/Sprites/Calm 7.png using Guid(aad510ca6cb63ea4f9524faf564aea6f) Importer(815301076,1909f56bfc062723c751e8b465ee728b)  -> (artifact id: 'e3f7686963b6ce8efe7cc752e05fc1ff') in 0.012553 seconds
  Import took 0.014895 seconds .

========================================================================
Received Import Request.
  Time since last request: 0.000130 seconds.
  path: Assets/Sprites/Evil King 7.png
  artifactKey: Guid(c20d64490fb990742a6c923a9a1aa5c1) Importer(815301076,1909f56bfc062723c751e8b465ee728b)
Start importing Assets/Sprites/Evil King 7.png using Guid(c20d64490fb990742a6c923a9a1aa5c1) Importer(815301076,1909f56bfc062723c751e8b465ee728b)  -> (artifact id: '338112a87049ea189c86443031c5cf43') in 0.019139 seconds
  Import took 0.021531 seconds .

========================================================================
Received Import Request.
  Time since last request: 0.000140 seconds.
  path: Assets/Sprites/Goblin with Helm 7.png
  artifactKey: Guid(bbeb679758d1569448395112a58f5b01) Importer(815301076,1909f56bfc062723c751e8b465ee728b)
Start importing Assets/Sprites/Goblin with Helm 7.png using Guid(bbeb679758d1569448395112a58f5b01) Importer(815301076,1909f56bfc062723c751e8b465ee728b)  -> (artifact id: '5abd09690081c25ae15ce126ddd45538') in 0.013613 seconds
  Import took 0.016077 seconds .

========================================================================
Received Import Request.
  Time since last request: 0.000198 seconds.
  path: Assets/Sprites/Dragon Horn 7.png
  artifactKey: Guid(15ec975c254ee34498a26f79413a89ef) Importer(815301076,1909f56bfc062723c751e8b465ee728b)
Start importing Assets/Sprites/Dragon Horn 7.png using Guid(15ec975c254ee34498a26f79413a89ef) Importer(815301076,1909f56bfc062723c751e8b465ee728b)  -> (artifact id: '82b42976c0b5af3cfee0af06c57e8612') in 0.013466 seconds
  Import took 0.016291 seconds .

========================================================================
Received Import Request.
  Time since last request: 0.000138 seconds.
  path: Assets/Sprites/Behemoth 7.png
  artifactKey: Guid(df3a4b06803965346b53a2088677cb8d) Importer(815301076,1909f56bfc062723c751e8b465ee728b)
Start importing Assets/Sprites/Behemoth 7.png using Guid(df3a4b06803965346b53a2088677cb8d) Importer(815301076,1909f56bfc062723c751e8b465ee728b)  -> (artifact id: 'b9fa7aee06a208dc54b557b3779d7db6') in 0.014982 seconds
  Import took 0.017372 seconds .

========================================================================
Received Import Request.
  Time since last request: 0.000137 seconds.
  path: Assets/Sprites/Blue Dragon 7.png
  artifactKey: Guid(4a5c2385307548e4d9a650f16626488e) Importer(815301076,1909f56bfc062723c751e8b465ee728b)
Start importing Assets/Sprites/Blue Dragon 7.png using Guid(4a5c2385307548e4d9a650f16626488e) Importer(815301076,1909f56bfc062723c751e8b465ee728b)  -> (artifact id: '8506dee1e642aff6278e4b2ea9099277') in 0.016192 seconds
  Import took 0.018623 seconds .

========================================================================
Received Prepare
Registering precompiled user dll's ...
Registered in 0.000616 seconds.
Begin MonoManager ReloadAssembly
Native extension for WindowsStandalone target not found
Native extension for WebGL target not found
Refreshing native plugins compatible for Editor in 0.50 ms, found 1 plugins.
Preloading 0 native plugins for Editor in 0.00 ms.
Invoked RoslynAnalysisRunner static constructor.
RoslynAnalysisRunner will not be running.
RoslynAnalysisRunner has terminated.
Mono: successfully reloaded assembly
- Completed reload, in  0.660 seconds
Platform modules already initialized, skipping
Refreshing native plugins compatible for Editor in 0.45 ms, found 1 plugins.
Preloading 0 native plugins for Editor in 0.00 ms.
Unloading 1814 Unused Serialized files (Serialized files now loaded: 0)
System memory in use before: 88.1 MB.
System memory in use after: 88.1 MB.

Unloading 12 unused Assets to reduce memory usage. Loaded Objects now: 2290.
Total: 1.723900 ms (FindLiveObjects: 0.196600 ms CreateObjectMapping: 0.040100 ms MarkObjects: 1.399700 ms  DeleteObjects: 0.086800 ms)

========================================================================
Received Prepare
Registering precompiled user dll's ...
Registered in 0.000903 seconds.
Begin MonoManager ReloadAssembly
Native extension for WindowsStandalone target not found
Native extension for WebGL target not found
Refreshing native plugins compatible for Editor in 0.55 ms, found 1 plugins.
Preloading 0 native plugins for Editor in 0.00 ms.
Invoked RoslynAnalysisRunner static constructor.
RoslynAnalysisRunner will not be running.
RoslynAnalysisRunner has terminated.
Mono: successfully reloaded assembly
- Completed reload, in  0.731 seconds
Platform modules already initialized, skipping
Refreshing native plugins compatible for Editor in 0.52 ms, found 1 plugins.
Preloading 0 native plugins for Editor in 0.00 ms.
Unloading 1814 Unused Serialized files (Serialized files now loaded: 0)
System memory in use before: 88.2 MB.
System memory in use after: 88.2 MB.

Unloading 12 unused Assets to reduce memory usage. Loaded Objects now: 2293.
Total: 1.918500 ms (FindLiveObjects: 0.254900 ms CreateObjectMapping: 0.041000 ms MarkObjects: 1.511800 ms  DeleteObjects: 0.109900 ms)

========================================================================
Received Import Request.
  Time since last request: 267.762402 seconds.
  path: Assets/Prefabs/EnemyCharacter.prefab
  artifactKey: Guid(03fa99adf4052544eb71045328c6260f) Importer(815301076,1909f56bfc062723c751e8b465ee728b)
Start importing Assets/Prefabs/EnemyCharacter.prefab using Guid(03fa99adf4052544eb71045328c6260f) Importer(815301076,1909f56bfc062723c751e8b465ee728b)  -> (artifact id: '9ffc0314be7c799a919c99080e6d99e8') in 0.047997 seconds
  Import took 0.051006 seconds .

========================================================================
Received Import Request.
  Time since last request: 0.000144 seconds.
  path: Assets/Prefabs/GameManger.prefab
  artifactKey: Guid(56174873405f7ae4fb75d2951e417334) Importer(815301076,1909f56bfc062723c751e8b465ee728b)
Start importing Assets/Prefabs/GameManger.prefab using Guid(56174873405f7ae4fb75d2951e417334) Importer(815301076,1909f56bfc062723c751e8b465ee728b)  -> (artifact id: '5c1f16c17a7445f33df0c8107f89cb31') in 0.013656 seconds
  Import took 0.016154 seconds .

========================================================================
Received Import Request.
  Time since last request: 0.000153 seconds.
  path: Assets/Prefabs/OverWorldPlayer.prefab
  artifactKey: Guid(2fa18c7765eb44f4b8f1c0fdeb8db7a8) Importer(815301076,1909f56bfc062723c751e8b465ee728b)
Start importing Assets/Prefabs/OverWorldPlayer.prefab using Guid(2fa18c7765eb44f4b8f1c0fdeb8db7a8) Importer(815301076,1909f56bfc062723c751e8b465ee728b)  -> (artifact id: '5d2e4d82fa6bfe6ae12b400380dc9860') in 0.009338 seconds
  Import took 0.011981 seconds .

========================================================================
Received Import Request.
  Time since last request: 0.000134 seconds.
  path: Assets/Prefabs/TestCharacter.prefab
  artifactKey: Guid(99bd738a26b19dd40aa03aae5ea5c34c) Importer(815301076,1909f56bfc062723c751e8b465ee728b)
Start importing Assets/Prefabs/TestCharacter.prefab using Guid(99bd738a26b19dd40aa03aae5ea5c34c) Importer(815301076,1909f56bfc062723c751e8b465ee728b)  -> (artifact id: 'efb430ff2d0c1739cccd29e352e28215') in 0.005837 seconds
  Import took 0.008280 seconds .

========================================================================
Received Import Request.
  Time since last request: 0.023114 seconds.
  path: Assets/Prefabs/TestCharacter.prefab
  artifactKey: Guid(99bd738a26b19dd40aa03aae5ea5c34c) Importer(815301076,1909f56bfc062723c751e8b465ee728b)
Start importing Assets/Prefabs/TestCharacter.prefab using Guid(99bd738a26b19dd40aa03aae5ea5c34c) Importer(815301076,1909f56bfc062723c751e8b465ee728b)  -> (artifact id: 'efb430ff2d0c1739cccd29e352e28215') in 0.003467 seconds
  Import took 0.006197 seconds .

========================================================================
Received Prepare
Registering precompiled user dll's ...
Registered in 0.000764 seconds.
Begin MonoManager ReloadAssembly
Native extension for WindowsStandalone target not found
Native extension for WebGL target not found
Refreshing native plugins compatible for Editor in 0.50 ms, found 1 plugins.
Preloading 0 native plugins for Editor in 0.00 ms.
Invoked RoslynAnalysisRunner static constructor.
RoslynAnalysisRunner will not be running.
RoslynAnalysisRunner has terminated.
Mono: successfully reloaded assembly
- Completed reload, in  0.666 seconds
Platform modules already initialized, skipping
Refreshing native plugins compatible for Editor in 0.52 ms, found 1 plugins.
Preloading 0 native plugins for Editor in 0.00 ms.
Unloading 1814 Unused Serialized files (Serialized files now loaded: 0)
System memory in use before: 88.2 MB.
System memory in use after: 88.2 MB.

Unloading 12 unused Assets to reduce memory usage. Loaded Objects now: 2301.
Total: 1.776900 ms (FindLiveObjects: 0.217700 ms CreateObjectMapping: 0.040300 ms MarkObjects: 1.420700 ms  DeleteObjects: 0.097300 ms)

========================================================================
Received Import Request.
  Time since last request: 544.105197 seconds.
  path: Assets/Scenes/PrototypeOverworld.unity
  artifactKey: Guid(d08e59dc04870e94eb436137c17f5e31) Importer(815301076,1909f56bfc062723c751e8b465ee728b)
Start importing Assets/Scenes/PrototypeOverworld.unity using Guid(d08e59dc04870e94eb436137c17f5e31) Importer(815301076,1909f56bfc062723c751e8b465ee728b)  -> (artifact id: '771f5baa3de66d3170b7451f21530693') in 0.013824 seconds
  Import took 0.016594 seconds .

========================================================================
Received Prepare
Registering precompiled user dll's ...
Registered in 0.000813 seconds.
Begin MonoManager ReloadAssembly
Native extension for WindowsStandalone target not found
Native extension for WebGL target not found
Refreshing native plugins compatible for Editor in 0.51 ms, found 1 plugins.
Preloading 0 native plugins for Editor in 0.00 ms.
Invoked RoslynAnalysisRunner static constructor.
RoslynAnalysisRunner will not be running.
RoslynAnalysisRunner has terminated.
Mono: successfully reloaded assembly
- Completed reload, in  0.656 seconds
Platform modules already initialized, skipping
Refreshing native plugins compatible for Editor in 0.56 ms, found 1 plugins.
Preloading 0 native plugins for Editor in 0.00 ms.
Unloading 1814 Unused Serialized files (Serialized files now loaded: 0)
System memory in use before: 88.2 MB.
System memory in use after: 88.2 MB.

Unloading 12 unused Assets to reduce memory usage. Loaded Objects now: 2304.
Total: 1.765600 ms (FindLiveObjects: 0.217200 ms CreateObjectMapping: 0.040200 ms MarkObjects: 1.409200 ms  DeleteObjects: 0.098200 ms)

========================================================================
Received Import Request.
  Time since last request: 145.318062 seconds.
  path: Assets/Scripts/Scripts.asmdef
  artifactKey: Guid(78eee74d2f00cdb4b806427fa131e0d7) Importer(815301076,1909f56bfc062723c751e8b465ee728b)
Start importing Assets/Scripts/Scripts.asmdef using Guid(78eee74d2f00cdb4b806427fa131e0d7) Importer(815301076,1909f56bfc062723c751e8b465ee728b)  -> (artifact id: 'fdbc14c2aacf3f31abb53b06be18052c') in 0.008384 seconds
  Import took 0.011183 seconds .

========================================================================
Received Import Request.
  Time since last request: 2.699020 seconds.
  path: Assets/Scripts/Battle System
  artifactKey: Guid(c1025bb2ca0edc54c87b96640897019b) Importer(815301076,1909f56bfc062723c751e8b465ee728b)
Start importing Assets/Scripts/Battle System using Guid(c1025bb2ca0edc54c87b96640897019b) Importer(815301076,1909f56bfc062723c751e8b465ee728b)  -> (artifact id: '2c0052e4ca0ae139f5f08377e5fcdfc1') in 0.004701 seconds
  Import took 0.007426 seconds .

========================================================================
Received Import Request.
  Time since last request: 6.914648 seconds.
  path: Assets/Scenes/PrototypeOverworld.unity
  artifactKey: Guid(d08e59dc04870e94eb436137c17f5e31) Importer(815301076,1909f56bfc062723c751e8b465ee728b)
Start importing Assets/Scenes/PrototypeOverworld.unity using Guid(d08e59dc04870e94eb436137c17f5e31) Importer(815301076,1909f56bfc062723c751e8b465ee728b)  -> (artifact id: '208e243dd200dee3a62fe6e63e9a4f42') in 0.007559 seconds
  Import took 0.010328 seconds .

========================================================================
Received Prepare
Registering precompiled user dll's ...
Registered in 0.000798 seconds.
Begin MonoManager ReloadAssembly
Native extension for WindowsStandalone target not found
Native extension for WebGL target not found
Refreshing native plugins compatible for Editor in 0.50 ms, found 1 plugins.
Preloading 0 native plugins for Editor in 0.00 ms.
Invoked RoslynAnalysisRunner static constructor.
RoslynAnalysisRunner will not be running.
RoslynAnalysisRunner has terminated.
Mono: successfully reloaded assembly
- Completed reload, in  0.666 seconds
Platform modules already initialized, skipping
Refreshing native plugins compatible for Editor in 0.48 ms, found 1 plugins.
Preloading 0 native plugins for Editor in 0.00 ms.
Unloading 1814 Unused Serialized files (Serialized files now loaded: 0)
System memory in use before: 88.2 MB.
System memory in use after: 88.2 MB.

Unloading 12 unused Assets to reduce memory usage. Loaded Objects now: 2307.
Total: 1.742700 ms (FindLiveObjects: 0.182700 ms CreateObjectMapping: 0.043300 ms MarkObjects: 1.416600 ms  DeleteObjects: 0.099200 ms)

========================================================================
Received Prepare
Registering precompiled user dll's ...
Registered in 0.000772 seconds.
Begin MonoManager ReloadAssembly
Native extension for WindowsStandalone target not found
Native extension for WebGL target not found
Refreshing native plugins compatible for Editor in 0.51 ms, found 1 plugins.
Preloading 0 native plugins for Editor in 0.00 ms.
Invoked RoslynAnalysisRunner static constructor.
RoslynAnalysisRunner will not be running.
RoslynAnalysisRunner has terminated.
Mono: successfully reloaded assembly
- Completed reload, in  0.673 seconds
Platform modules already initialized, skipping
Refreshing native plugins compatible for Editor in 0.51 ms, found 1 plugins.
Preloading 0 native plugins for Editor in 0.00 ms.
Unloading 1814 Unused Serialized files (Serialized files now loaded: 0)
System memory in use before: 88.2 MB.
System memory in use after: 88.2 MB.

Unloading 12 unused Assets to reduce memory usage. Loaded Objects now: 2310.
Total: 1.822800 ms (FindLiveObjects: 0.200800 ms CreateObjectMapping: 0.044600 ms MarkObjects: 1.476700 ms  DeleteObjects: 0.099900 ms)

AssetImportWorkerClient::OnTransportError - code=2 error=End of file
